{
  "RSpec": {
    "coverage": {
      "/home/darling-flag-7495/tic-tac-toe-rb-online-web-sp-000/lib/tic_tac_toe.rb": [
        null,
        null,
        1,
        null,
        null,
        null,
        null,
        null,
        null,
        null,
        null,
        null,
        null,
        1,
        18,
        18,
        18,
        18,
        18,
        null,
        null,
        1,
        18,
        null,
        null,
        1,
        18,
        null,
        null,
        1,
        89,
        null,
        null,
        1,
        18,
        null,
        null,
        1,
        18,
        18,
        18,
        18,
        18,
        18,
        null,
        0,
        null,
        null,
        null,
        1,
        18,
        18,
        162,
        27,
        null,
        null,
        18,
        null,
        null,
        1,
        18,
        11,
        null,
        7,
        null,
        null,
        null,
        1,
        29,
        194,
        null,
        null,
        null,
        null,
        null,
        1,
        22,
        2,
        null,
        20,
        null,
        null,
        null,
        1,
        11,
        null,
        null,
        1,
        19,
        8,
        null,
        null,
        null,
        1,
        0,
        0,
        null,
        null,
        null,
        1,
        12,
        18,
        null,
        12,
        5,
        null,
        7,
        null,
        null,
        null,
        null,
        null,
        null
      ]
    },
    "timestamp": 1596858922
  }
}
