{
  "RSpec": {
    "coverage": {
      "/home/darling-flag-7495/tic-tac-toe-rb-online-web-sp-000/lib/tic_tac_toe.rb": [
        null,
        null,
        1,
        null,
        null,
        null,
        null,
        null,
        null,
        null,
        null,
        null,
        null,
        1,
        5,
        5,
        5,
        5,
        5,
        null,
        null,
        1,
        6,
        null,
        null,
        1,
        4,
        null,
        null,
        1,
        17,
        null,
        null,
        1,
        6,
        null,
        null,
        1,
        3,
        3,
        3,
        3,
        1,
        1,
        null,
        3,
        null,
        null,
        1,
        3,
        3,
        27,
        5,
        null,
        null,
        3,
        null,
        null,
        1,
        2,
        2,
        null,
        0,
        null,
        null,
        null,
        1,
        13,
        90,
        null,
        null,
        null,
        null,
        null,
        1,
        9,
        5,
        null,
        4,
        null,
        null,
        null,
        1,
        7,
        null,
        null,
        1,
        3,
        2,
        null,
        null,
        null,
        1,
        3,
        2,
        null,
        null,
        null,
        1,
        0,
        0,
        0,
        0,
        null,
        null,
        null,
        null,
        null,
        null
      ]
    },
    "timestamp": 1596857062
  }
}
